2025-04-20 16:17:02,190 [INFO] Activator:176 - 


2025-04-20 16:17:02,193 [INFO] Activator:177 - !SESSION log4j initialized
2025-04-20 16:17:06,478 [INFO] LogOutputStream:77 - [STDOUT_REDIRECT] 
2025-04-20 16:17:07,598 [INFO] ApplicationProperties:184 - Using Application install path: C:\ST\STM32CubeIDE_1.17.0\STM32CubeIDE\plugins\com.st.stm32cube.common.mx_6.14.0.202502271554
2025-04-20 16:17:07,612 [INFO] DbMcusXml:78 - Set database path to: C:\ST\STM32CubeIDE_1.17.0\STM32CubeIDE\plugins\com.st.stm32cube.common.mx_6.14.0.202502271554\\db\/mcu/
2025-04-20 16:17:07,612 [INFO] ApiDb:274 - Set plugin database path to: C:\ST\STM32CubeIDE_1.17.0\STM32CubeIDE\plugins\com.st.stm32cube.common.mx_6.14.0.202502271554\\db\/plugins/boardmanager/
2025-04-20 16:17:07,612 [WARN] ApiDb:259 - Overriding images path with different value:  => C:\ST\STM32CubeIDE_1.17.0\STM32CubeIDE\plugins\com.st.stm32cube.common.mx_6.14.0.202502271554\\db\/plugins/mcufinder/images/
2025-04-20 16:17:07,618 [INFO] ApiDb:250 - Set database path to: C:\Users\youse\.stmcufinder\plugins\mcufinder//mcu/
2025-04-20 16:17:07,619 [INFO] DbMcusAds:125 - Set database path to: C:\Users\youse\.stmcufinder\plugins\mcufinder//mcu/
2025-04-20 16:17:07,620 [INFO] CrossReferenceDbSqlite:203 - Set database path to: C:\Users\youse\.stmcufinder\plugins\mcufinder//mcu/cs/
2025-04-20 16:17:07,691 [INFO] RulesReader:64 - Compatibility file has been processed (301 Rules)
2025-04-20 16:17:07,754 [INFO] DbMcusXml:78 - Set database path to: C:\ST\STM32CubeIDE_1.17.0\STM32CubeIDE\plugins\com.st.stm32cube.common.mx_6.14.0.202502271554\\db\/mcu/
2025-04-20 16:17:07,754 [INFO] ApiDb:274 - Set plugin database path to: C:\ST\STM32CubeIDE_1.17.0\STM32CubeIDE\plugins\com.st.stm32cube.common.mx_6.14.0.202502271554\\db\/plugins/boardmanager/
2025-04-20 16:17:07,754 [INFO] ApiDb:261 - Set plugin images path to: C:\ST\STM32CubeIDE_1.17.0\STM32CubeIDE\plugins\com.st.stm32cube.common.mx_6.14.0.202502271554\\db\/plugins/mcufinder/images/
2025-04-20 16:17:07,754 [WARN] DbFile:41 - Overriding database path with different value: C:\Users\youse\.stmcufinder\plugins\mcufinder/ => C:\Users\youse\.stmcufinder\plugins\mcufinder
2025-04-20 16:17:07,754 [INFO] ApiDb:250 - Set database path to: C:\Users\youse\.stmcufinder\plugins\mcufinder//mcu/
2025-04-20 16:17:07,754 [WARN] DbFile:41 - Overriding database path with different value: C:\Users\youse\.stmcufinder\plugins\mcufinder/ => C:\Users\youse\.stmcufinder\plugins\mcufinder
2025-04-20 16:17:07,754 [INFO] DbMcusAds:125 - Set database path to: C:\Users\youse\.stmcufinder\plugins\mcufinder//mcu/
2025-04-20 16:17:07,754 [WARN] DbFile:41 - Overriding database path with different value: C:\Users\youse\.stmcufinder\plugins\mcufinder/ => C:\Users\youse\.stmcufinder\plugins\mcufinder
2025-04-20 16:17:07,754 [WARN] DbFile:41 - Overriding database path with different value: C:\Users\youse\.stmcufinder\plugins\mcufinder/ => C:\Users\youse\.stmcufinder\plugins\mcufinder
2025-04-20 16:17:07,754 [INFO] CrossReferenceDbSqlite:203 - Set database path to: C:\Users\youse\.stmcufinder\plugins\mcufinder//mcu/cs/
2025-04-20 16:17:07,800 [INFO] MainPanel:272 - HeapMemory: 268435456
2025-04-20 16:17:07,872 [INFO] DbMcusXml:78 - Set database path to: C:\ST\STM32CubeIDE_1.17.0\STM32CubeIDE\plugins\com.st.stm32cube.common.mx_6.14.0.202502271554\\db\/mcu/
2025-04-20 16:17:07,872 [INFO] ApiDb:274 - Set plugin database path to: C:\ST\STM32CubeIDE_1.17.0\STM32CubeIDE\plugins\com.st.stm32cube.common.mx_6.14.0.202502271554\\db\/plugins/boardmanager/
2025-04-20 16:17:07,872 [INFO] ApiDb:261 - Set plugin images path to: C:\ST\STM32CubeIDE_1.17.0\STM32CubeIDE\plugins\com.st.stm32cube.common.mx_6.14.0.202502271554\\db\/plugins/mcufinder/images/
2025-04-20 16:17:07,872 [WARN] DbFile:41 - Overriding database path with different value: C:\Users\youse\.stmcufinder\plugins\mcufinder/ => C:\Users\youse\.stmcufinder\plugins\mcufinder
2025-04-20 16:17:07,872 [INFO] ApiDb:250 - Set database path to: C:\Users\youse\.stmcufinder\plugins\mcufinder//mcu/
2025-04-20 16:17:07,872 [WARN] DbFile:41 - Overriding database path with different value: C:\Users\youse\.stmcufinder\plugins\mcufinder/ => C:\Users\youse\.stmcufinder\plugins\mcufinder
2025-04-20 16:17:07,872 [INFO] DbMcusAds:125 - Set database path to: C:\Users\youse\.stmcufinder\plugins\mcufinder//mcu/
2025-04-20 16:17:07,872 [WARN] DbFile:41 - Overriding database path with different value: C:\Users\youse\.stmcufinder\plugins\mcufinder/ => C:\Users\youse\.stmcufinder\plugins\mcufinder
2025-04-20 16:17:07,872 [WARN] DbFile:41 - Overriding database path with different value: C:\Users\youse\.stmcufinder\plugins\mcufinder/ => C:\Users\youse\.stmcufinder\plugins\mcufinder
2025-04-20 16:17:07,873 [INFO] CrossReferenceDbSqlite:203 - Set database path to: C:\Users\youse\.stmcufinder\plugins\mcufinder//mcu/cs/
2025-04-20 16:17:07,884 [INFO] ApplicationProperties:184 - Using Application install path: C:\ST\STM32CubeIDE_1.17.0\STM32CubeIDE\plugins\com.st.stm32cube.common.mx_6.14.0.202502271554
2025-04-20 16:17:07,885 [INFO] PluginManage:196 - Search for loadable plugins [exclusion list=, ]
2025-04-20 16:17:07,886 [INFO] PluginManage:310 - Check plugin analytics
2025-04-20 16:17:07,987 [INFO] AnalyticsPlugin:253 - Accepted Software Licenses: 
2025-04-20 16:17:07,987 [INFO] AnalyticsPlugin:255 - Accepted CMSIS Pack Licenses: 
2025-04-20 16:17:07,988 [INFO] AnalyticsPlugin:257 - Accepted Firmware Licenses: FW.H7.1.12.0
2025-04-20 16:17:07,989 [INFO] PluginManage:359 - Loaded plugin analytics (category:tool,tabindex:-1)
2025-04-20 16:17:07,989 [INFO] PluginManage:310 - Check plugin cadmodel
2025-04-20 16:17:07,994 [INFO] CADModel:105 - Init CAD model plugin
2025-04-20 16:17:07,994 [INFO] PluginManage:359 - Loaded plugin cadmodel (category:power,tabindex:5)
2025-04-20 16:17:07,995 [INFO] PluginManage:310 - Check plugin clock
2025-04-20 16:17:08,002 [INFO] PluginManage:359 - Loaded plugin clock (category:base,tabindex:2)
2025-04-20 16:17:08,002 [INFO] PluginManage:310 - Check plugin ddr
2025-04-20 16:17:08,004 [INFO] PluginManage:359 - Loaded plugin ddr (category:tool,tabindex:6)
2025-04-20 16:17:08,004 [INFO] PluginManage:310 - Check plugin filemanager
2025-04-20 16:17:08,093 [INFO] PluginManage:359 - Loaded plugin filemanager (category:base,tabindex:10)
2025-04-20 16:17:08,093 [INFO] PluginManage:310 - Check plugin ipmanager
2025-04-20 16:17:08,098 [INFO] PluginManage:359 - Loaded plugin ipmanager (category:base,tabindex:5)
2025-04-20 16:17:08,098 [INFO] PluginManage:310 - Check plugin lpbam
2025-04-20 16:17:08,105 [INFO] PluginManage:359 - Loaded plugin lpbam (category:base,tabindex:0)
2025-04-20 16:17:08,105 [INFO] PluginManage:310 - Check plugin memorymap
2025-04-20 16:17:08,115 [INFO] PluginManage:359 - Loaded plugin memorymap (category:base,tabindex:4)
2025-04-20 16:17:08,115 [INFO] PluginManage:310 - Check plugin pinoutandconfiguration
2025-04-20 16:17:08,120 [INFO] PluginManage:359 - Loaded plugin pinoutandconfiguration (category:base,tabindex:1)
2025-04-20 16:17:08,120 [INFO] PluginManage:310 - Check plugin pinoutconfig
2025-04-20 16:17:08,184 [WARN] SupportedApi:132 - Cannot load RTOS API schema: s4s-elt-must-match.1: The content of 'definitions' must match (annotation?, (simpleType | complexType)?, (unique | key | keyref)*)). A problem was found starting at: attribute.
2025-04-20 16:17:08,274 [INFO] PluginManage:359 - Loaded plugin pinoutconfig (category:base,tabindex:0)
2025-04-20 16:17:08,274 [INFO] PluginManage:310 - Check plugin power
2025-04-20 16:17:08,280 [INFO] PluginManage:359 - Loaded plugin power (category:power,tabindex:4)
2025-04-20 16:17:08,281 [INFO] PluginManage:310 - Check plugin projectmanager
2025-04-20 16:17:08,289 [INFO] PluginManage:359 - Loaded plugin projectmanager (category:projectmanager,tabindex:4)
2025-04-20 16:17:08,289 [INFO] PluginManage:310 - Check plugin rif
2025-04-20 16:17:08,294 [INFO] PluginManage:359 - Loaded plugin rif (category:base,tabindex:3)
2025-04-20 16:17:08,294 [INFO] PluginManage:310 - Check plugin thirdparty
2025-04-20 16:17:08,391 [INFO] PluginManage:359 - Loaded plugin thirdparty (category:base,tabindex:-1)
2025-04-20 16:17:08,391 [WARN] IntegrityCheckThread:84 - waiting for thirdparty lock release [integrity check]
2025-04-20 16:17:08,392 [INFO] PluginManage:310 - Check plugin tools
2025-04-20 16:17:08,392 [INFO] IntegrityCheckThread:86 - entering critical section [integrity check]
2025-04-20 16:17:08,392 [INFO] ThirdPartyUpdaterWithRetryManager:70 - Updater plugin not ready yet. [1/15]
2025-04-20 16:17:08,393 [INFO] PluginManage:359 - Loaded plugin tools (category:base,tabindex:7)
2025-04-20 16:17:08,394 [INFO] PluginManage:310 - Check plugin tutovideos
2025-04-20 16:17:08,513 [INFO] PluginManage:359 - Loaded plugin tutovideos (category:base,tabindex:-1)
2025-04-20 16:17:08,513 [INFO] PluginManage:310 - Check plugin updater
2025-04-20 16:17:08,527 [INFO] PluginManage:359 - Loaded plugin updater (category:base,tabindex:12)
2025-04-20 16:17:08,527 [INFO] PluginManage:310 - Check plugin userauth
2025-04-20 16:17:08,530 [INFO] UserAuth:118 - Init User Auth plugin
2025-04-20 16:17:08,531 [INFO] PluginManage:359 - Loaded plugin userauth (category:base,tabindex:14)
2025-04-20 16:17:08,531 [INFO] PluginManage:283 - PluginManage : Loaded plugins [18]
2025-04-20 16:17:08,658 [INFO] PinOutPanel:1589 - setPackage(No Configuration,No Configuration)
2025-04-20 16:17:08,710 [INFO] CADModel:165 - CPN selected for project level
2025-04-20 16:17:08,710 [INFO] CADModel:114 - Register for checkConnection events
2025-04-20 16:17:08,722 [INFO] IPUIPlugin:80 - create IPUIPlugin
2025-04-20 16:17:08,723 [INFO] PluginManager:220 - loadIPPluginJar : add adc
2025-04-20 16:17:08,724 [INFO] IPUIPlugin:80 - create IPUIPlugin
2025-04-20 16:17:08,724 [INFO] PluginManager:220 - loadIPPluginJar : add aes
2025-04-20 16:17:08,726 [INFO] IPUIPlugin:80 - create IPUIPlugin
2025-04-20 16:17:08,726 [INFO] PluginManager:220 - loadIPPluginJar : add can
2025-04-20 16:17:08,727 [INFO] IPUIPlugin:80 - create IPUIPlugin
2025-04-20 16:17:08,727 [INFO] PluginManager:220 - loadIPPluginJar : add comp
2025-04-20 16:17:08,729 [INFO] IPUIPlugin:80 - create IPUIPlugin
2025-04-20 16:17:08,729 [INFO] PluginManager:220 - loadIPPluginJar : add cryp
2025-04-20 16:17:08,732 [INFO] IPUIPlugin:80 - create IPUIPlugin
2025-04-20 16:17:08,732 [INFO] PluginManager:220 - loadIPPluginJar : add ddr_ctrl_phy
2025-04-20 16:17:08,734 [INFO] IPUIPlugin:80 - create IPUIPlugin
2025-04-20 16:17:08,734 [INFO] PluginManager:220 - loadIPPluginJar : add dfsdm
2025-04-20 16:17:08,738 [INFO] IPUIPlugin:80 - create IPUIPlugin
2025-04-20 16:17:08,738 [INFO] PluginManager:220 - loadIPPluginJar : add dma
2025-04-20 16:17:08,740 [INFO] IPUIPlugin:80 - create IPUIPlugin
2025-04-20 16:17:08,740 [INFO] PluginManager:220 - loadIPPluginJar : add dma3
2025-04-20 16:17:08,742 [INFO] IPUIPlugin:80 - create IPUIPlugin
2025-04-20 16:17:08,742 [INFO] PluginManager:220 - loadIPPluginJar : add extmemmanager
2025-04-20 16:17:08,743 [INFO] IPUIPlugin:80 - create IPUIPlugin
2025-04-20 16:17:08,743 [INFO] PluginManager:220 - loadIPPluginJar : add fatfs
2025-04-20 16:17:08,746 [INFO] IPUIPlugin:80 - create IPUIPlugin
2025-04-20 16:17:08,746 [INFO] PluginManager:220 - loadIPPluginJar : add fmc
2025-04-20 16:17:08,753 [INFO] IPUIPlugin:80 - create IPUIPlugin
2025-04-20 16:17:08,753 [INFO] PluginManager:220 - loadIPPluginJar : add freertos
2025-04-20 16:17:08,754 [INFO] IPUIPlugin:80 - create IPUIPlugin
2025-04-20 16:17:08,754 [INFO] PluginManager:220 - loadIPPluginJar : add genericplugin
2025-04-20 16:17:08,755 [INFO] IPUIPlugin:80 - create IPUIPlugin
2025-04-20 16:17:08,755 [INFO] PluginManager:220 - loadIPPluginJar : add gfxmmu
2025-04-20 16:17:08,758 [INFO] IPUIPlugin:80 - create IPUIPlugin
2025-04-20 16:17:08,758 [INFO] PluginManager:220 - loadIPPluginJar : add gic
2025-04-20 16:17:08,764 [INFO] IPUIPlugin:80 - create IPUIPlugin
2025-04-20 16:17:08,764 [INFO] PluginManager:220 - loadIPPluginJar : add gpio
2025-04-20 16:17:08,766 [INFO] IPUIPlugin:80 - create IPUIPlugin
2025-04-20 16:17:08,766 [INFO] PluginManager:220 - loadIPPluginJar : add gtzc
2025-04-20 16:17:08,768 [INFO] IPUIPlugin:80 - create IPUIPlugin
2025-04-20 16:17:08,768 [INFO] PluginManager:220 - loadIPPluginJar : add hash
2025-04-20 16:17:08,771 [INFO] IPUIPlugin:80 - create IPUIPlugin
2025-04-20 16:17:08,771 [INFO] PluginManager:220 - loadIPPluginJar : add i2c
2025-04-20 16:17:08,773 [INFO] IPUIPlugin:80 - create IPUIPlugin
2025-04-20 16:17:08,773 [INFO] PluginManager:220 - loadIPPluginJar : add i2s
2025-04-20 16:17:08,775 [INFO] IPUIPlugin:80 - create IPUIPlugin
2025-04-20 16:17:08,776 [INFO] PluginManager:220 - loadIPPluginJar : add i3c
2025-04-20 16:17:08,779 [INFO] IPUIPlugin:80 - create IPUIPlugin
2025-04-20 16:17:08,779 [INFO] PluginManager:220 - loadIPPluginJar : add ipddr
2025-04-20 16:17:08,784 [INFO] IPUIPlugin:80 - create IPUIPlugin
2025-04-20 16:17:08,784 [INFO] PluginManager:220 - loadIPPluginJar : add linkedlist
2025-04-20 16:17:08,786 [INFO] IPUIPlugin:80 - create IPUIPlugin
2025-04-20 16:17:08,787 [INFO] PluginManager:220 - loadIPPluginJar : add lorawan
2025-04-20 16:17:08,788 [INFO] IPUIPlugin:80 - create IPUIPlugin
2025-04-20 16:17:08,788 [INFO] PluginManager:220 - loadIPPluginJar : add ltdc
2025-04-20 16:17:08,795 [INFO] IPUIPlugin:80 - create IPUIPlugin
2025-04-20 16:17:08,795 [INFO] PluginManager:220 - loadIPPluginJar : add mdma
2025-04-20 16:17:08,798 [INFO] IPUIPlugin:80 - create IPUIPlugin
2025-04-20 16:17:08,798 [INFO] PluginManager:220 - loadIPPluginJar : add nvic
2025-04-20 16:17:08,800 [INFO] IPUIPlugin:80 - create IPUIPlugin
2025-04-20 16:17:08,800 [INFO] PluginManager:220 - loadIPPluginJar : add opamp
2025-04-20 16:17:08,802 [INFO] IPUIPlugin:80 - create IPUIPlugin
2025-04-20 16:17:08,802 [INFO] PluginManager:220 - loadIPPluginJar : add openamp
2025-04-20 16:17:08,804 [INFO] IPUIPlugin:80 - create IPUIPlugin
2025-04-20 16:17:08,804 [INFO] PluginManager:220 - loadIPPluginJar : add pdm2pcm
2025-04-20 16:17:08,808 [INFO] IPUIPlugin:80 - create IPUIPlugin
2025-04-20 16:17:08,809 [INFO] PluginManager:220 - loadIPPluginJar : add plateformsettings
2025-04-20 16:17:08,810 [INFO] IPUIPlugin:80 - create IPUIPlugin
2025-04-20 16:17:08,810 [INFO] PluginManager:220 - loadIPPluginJar : add quadspi
2025-04-20 16:17:08,811 [INFO] IPUIPlugin:80 - create IPUIPlugin
2025-04-20 16:17:08,812 [INFO] PluginManager:220 - loadIPPluginJar : add radio
2025-04-20 16:17:08,816 [INFO] IPUIPlugin:80 - create IPUIPlugin
2025-04-20 16:17:08,816 [INFO] PluginManager:220 - loadIPPluginJar : add resmgrutility
2025-04-20 16:17:08,818 [INFO] IPUIPlugin:80 - create IPUIPlugin
2025-04-20 16:17:08,819 [INFO] PluginManager:220 - loadIPPluginJar : add sai
2025-04-20 16:17:08,820 [INFO] IPUIPlugin:80 - create IPUIPlugin
2025-04-20 16:17:08,820 [INFO] PluginManager:220 - loadIPPluginJar : add spi
2025-04-20 16:17:08,824 [INFO] IPUIPlugin:80 - create IPUIPlugin
2025-04-20 16:17:08,824 [INFO] PluginManager:220 - loadIPPluginJar : add stm32_wpan
2025-04-20 16:17:08,825 [INFO] IPUIPlugin:80 - create IPUIPlugin
2025-04-20 16:17:08,825 [INFO] PluginManager:220 - loadIPPluginJar : add tim
2025-04-20 16:17:08,827 [INFO] IPUIPlugin:80 - create IPUIPlugin
2025-04-20 16:17:08,827 [INFO] PluginManager:220 - loadIPPluginJar : add touchsensing
2025-04-20 16:17:08,829 [INFO] IPUIPlugin:80 - create IPUIPlugin
2025-04-20 16:17:08,829 [INFO] PluginManager:220 - loadIPPluginJar : add tracer_emb
2025-04-20 16:17:08,830 [INFO] IPUIPlugin:80 - create IPUIPlugin
2025-04-20 16:17:08,830 [INFO] PluginManager:220 - loadIPPluginJar : add ts
2025-04-20 16:17:08,831 [INFO] IPUIPlugin:80 - create IPUIPlugin
2025-04-20 16:17:08,831 [INFO] PluginManager:220 - loadIPPluginJar : add tsc
2025-04-20 16:17:08,832 [INFO] IPUIPlugin:80 - create IPUIPlugin
2025-04-20 16:17:08,832 [INFO] PluginManager:220 - loadIPPluginJar : add ucpd
2025-04-20 16:17:08,834 [INFO] IPUIPlugin:80 - create IPUIPlugin
2025-04-20 16:17:08,834 [INFO] PluginManager:220 - loadIPPluginJar : add usart
2025-04-20 16:17:08,836 [INFO] IPUIPlugin:80 - create IPUIPlugin
2025-04-20 16:17:08,836 [INFO] PluginManager:220 - loadIPPluginJar : add usbx
2025-04-20 16:17:08,937 [FATAL] Updater:351 - Updater called before beeing initialized
2025-04-20 16:17:08,959 [INFO] RulesReader:64 - Compatibility file has been processed (301 Rules)
2025-04-20 16:17:08,968 [INFO] RulesReader:64 - Compatibility file has been processed (301 Rules)
2025-04-20 16:17:08,978 [INFO] CADModel:165 - CPN selected for project level
2025-04-20 16:17:08,978 [INFO] CADModel:114 - Register for checkConnection events
2025-04-20 16:17:08,978 [FATAL] Updater:351 - Updater called before beeing initialized
2025-04-20 16:17:08,978 [ERROR] CADModel:125 - Updater not yet initialized, retry later 
2025-04-20 16:17:09,146 [FATAL] Updater:351 - Updater called before beeing initialized
2025-04-20 16:17:09,148 [INFO] CADModel:165 - CPN selected for project level
2025-04-20 16:17:09,148 [INFO] CADModel:114 - Register for checkConnection events
2025-04-20 16:17:09,148 [FATAL] Updater:351 - Updater called before beeing initialized
2025-04-20 16:17:09,148 [ERROR] CADModel:125 - Updater not yet initialized, retry later 
2025-04-20 16:17:09,152 [FATAL] Updater:351 - Updater called before beeing initialized
2025-04-20 16:17:09,221 [FATAL] Updater:351 - Updater called before beeing initialized
2025-04-20 16:17:09,224 [INFO] DbMcusAds:53 - JSON generation date=Thu Mar 06 09:54:21 EST 2025 (1741272861825)
2025-04-20 16:17:09,224 [FATAL] Updater:351 - Updater called before beeing initialized
2025-04-20 16:17:09,249 [WARN] DetailPanel:346 - Failed to get advertising image, set to default
2025-04-20 16:17:09,383 [FATAL] Updater:351 - Updater called before beeing initialized
2025-04-20 16:17:09,384 [FATAL] Updater:351 - Updater called before beeing initialized
2025-04-20 16:17:09,384 [FATAL] Updater:351 - Updater called before beeing initialized
2025-04-20 16:17:09,384 [WARN] DetailPanel:346 - Failed to get advertising image, set to default
2025-04-20 16:17:09,385 [FATAL] Updater:351 - Updater called before beeing initialized
2025-04-20 16:17:09,415 [ERROR] Updater:1198 - MainUpdater not yet initialized. External WinMGr cannot be set.
2025-04-20 16:17:09,417 [INFO] Updater:1134 - Updater Version found : 6.14.0
2025-04-20 16:17:09,432 [INFO] ApplicationProperties:184 - Using Application install path: C:\ST\STM32CubeIDE_1.17.0\STM32CubeIDE\plugins\com.st.stm32cube.common.mx_6.14.0.202502271554
2025-04-20 16:17:11,005 [ERROR] LogOutputStream:75 - [STDERR_REDIRECT] Apr 20, 2025 4:17:10 PM java.util.prefs.WindowsPreferences <init>
2025-04-20 16:17:11,007 [ERROR] LogOutputStream:75 - [STDERR_REDIRECT] WARNING: Could not open/create prefs root node Software\JavaSoft\Prefs at root 0xffffffff80000002. Windows RegCreateKeyEx(...) returned error code 5.
2025-04-20 16:17:11,008 [ERROR] LogOutputStream:75 - [STDERR_REDIRECT] 
2025-04-20 16:17:11,392 [INFO] MainUpdater:2872 - connection check result : 10
2025-04-20 16:17:11,393 [INFO] MainUpdater:3566 - Updater definition file requires update
2025-04-20 16:17:11,393 [INFO] MainUpdater:289 - Updater Check For Update Now.
2025-04-20 16:17:11,393 [INFO] MicroXplorer:498 - Change Database Version : DB.6.0.140
2025-04-20 16:17:11,394 [INFO] ThirdPartyUpdaterWithRetryManager:70 - Updater plugin not ready yet. [2/15]
2025-04-20 16:17:11,398 [INFO] McuFinderGlobals:63 - Set McuFinder mode to 2 (CubeIDE integrated)
2025-04-20 16:17:11,399 [INFO] UserAuth:171 - activating auth plugin
2025-04-20 16:17:11,401 [INFO] UserAuth:486 - Internet connection configuration mode: 1
2025-04-20 16:17:11,421 [INFO] JxBrowserEngine:152 - Initiate JxBrowser Engine with user profile folder
2025-04-20 16:17:11,496 [INFO] ServerAccessManage:473 - Download File updaters.zip
2025-04-20 16:17:11,626 [INFO] FileExtend:242 - Unzip File : updaters.zip
2025-04-20 16:17:11,627 [INFO] FileExtend:257 - Standard Zip Deflate
2025-04-20 16:17:11,908 [INFO] ServerAccessManage:473 - Download File PacksControlFlags.xml
2025-04-20 16:17:11,958 [INFO] ServerAccessManage:473 - Download File cubemx.pidx
2025-04-20 16:17:12,421 [INFO] ServerAccessManage:473 - Download File STMicroelectronics.X-CUBE-MEMS1.pdsc
2025-04-20 16:17:12,648 [INFO] WebApp:169 - Instantiating new browser for Auth
2025-04-20 16:17:13,175 [INFO] WebApp:463 - Apply proxy settings
2025-04-20 16:17:13,175 [INFO] WebApp:548 - Chromium requires no authentication
2025-04-20 16:17:13,186 [INFO] WebApp:491 - Direct internet connection detected
2025-04-20 16:17:13,213 [INFO] WebApp:894 - Register for checkConnection events
2025-04-20 16:17:13,213 [INFO] WebApp:463 - Apply proxy settings
2025-04-20 16:17:13,213 [INFO] WebApp:548 - Chromium requires no authentication
2025-04-20 16:17:13,213 [INFO] WebApp:491 - Direct internet connection detected
2025-04-20 16:17:13,330 [INFO] WebApp:225 - Starting web application
2025-04-20 16:17:13,330 [INFO] WebApp:593 - Web application path used C:\ST\STM32CubeIDE_1.17.0\STM32CubeIDE\plugins\com.st.stm32cube.common.mx_6.14.0.202502271554\db\plugins\mcufinder\reactClient1\index.html
2025-04-20 16:17:13,651 [INFO] WebApp:191 - Connection restablished
2025-04-20 16:17:13,829 [INFO] ServerAccessManage:473 - Download File STMicroelectronics.X-CUBE-TOF1.pdsc
2025-04-20 16:17:14,394 [WARN] MainUpdater:1193 - Updater busy. Cannot search thirdparties
2025-04-20 16:17:14,394 [INFO] ThirdPartyUpdaterWithRetryManager:96 - Updater plugin is busy. [1/15]
2025-04-20 16:17:14,789 [ERROR] ServerAccessManage:1089 - Problem, file not found on Server
2025-04-20 16:17:15,489 [INFO] ServerAccessManage:473 - Download File Avnet-IotConnect.X-CUBE-IoTC-DA16k-PMOD.pdsc
2025-04-20 16:17:15,686 [WARN] PackLoader:240 - Cannot read IP mode file for STMicroelectronics.X-CUBE-MEMS1.11.2.0
2025-04-20 16:17:15,747 [INFO] CheckServerUpdateThread:120 - End of CheckServer Thread
2025-04-20 16:17:15,762 [WARN] PackLoader:240 - Cannot read IP mode file for STMicroelectronics.X-CUBE-TOF1.3.4.3
2025-04-20 16:17:15,769 [WARN] PackLoader:240 - Cannot read IP mode file for Avnet-IotConnect.X-CUBE-IoTC-DA16k-PMOD.1.0.0
2025-04-20 16:17:15,770 [INFO] PopulateThirdPartyThread:66 - Ending populate Thread
2025-04-20 16:17:15,771 [INFO] ThirdParty:1030 - CMSIS Pack Vendor :STMicroelectronics X-CUBE-TOF1 3.4.3
2025-04-20 16:17:15,771 [INFO] ThirdParty:1030 - CMSIS Pack Vendor :STMicroelectronics X-CUBE-MEMS1 11.2.0
2025-04-20 16:17:15,771 [INFO] ThirdParty:1030 - CMSIS Pack Vendor :Avnet-IotConnect X-CUBE-IoTC-DA16k-PMOD 1.0.0
2025-04-20 16:17:15,771 [INFO] LoadServerUpdatesThread:375 - End of LoadServerUpdate Thread
2025-04-20 16:17:17,516 [WARN] PackLoader:240 - Cannot read IP mode file for STMicroelectronics.FP-SNS-MOTENVWB1.1.4.0
2025-04-20 16:17:17,518 [WARN] PackLoader:240 - Cannot read IP mode file for STMicroelectronics.FP-ATR-ASTRA1.2.0.2
2025-04-20 16:17:17,520 [WARN] PackLoader:240 - Cannot read IP mode file for STMicroelectronics.FP-ATR-ASTRA1.2.0.1
2025-04-20 16:17:17,524 [WARN] PackLoader:240 - Cannot read IP mode file for STMicroelectronics.X-CUBE-SMBUS.2.1.0
2025-04-20 16:17:17,526 [WARN] PackLoader:240 - Cannot read IP mode file for STMicroelectronics.X-CUBE-WB05N.1.1.0
2025-04-20 16:17:17,533 [WARN] PackLoader:240 - Cannot read IP mode file for STMicroelectronics.X-CUBE-AZRTOS-F7.1.1.0
2025-04-20 16:17:17,549 [WARN] PackLoader:240 - Cannot read IP mode file for STMicroelectronics.X-CUBE-MEMS1.11.0.0
2025-04-20 16:17:17,600 [WARN] PackLoader:240 - Cannot read IP mode file for STMicroelectronics.FP-SNS-FLIGHT1.5.0.2
2025-04-20 16:17:17,606 [WARN] PackLoader:240 - Cannot read IP mode file for STMicroelectronics.X-CUBE-DISPLAY.3.0.0
2025-04-20 16:17:17,610 [WARN] PackLoader:240 - Cannot read IP mode file for STMicroelectronics.X-CUBE-BLE1.7.0.0
2025-04-20 16:17:17,615 [WARN] PackLoader:240 - Cannot read IP mode file for STMicroelectronics.X-CUBE-NFC10.1.0.0
2025-04-20 16:17:17,619 [WARN] PackLoader:240 - Cannot read IP mode file for STMicroelectronics.X-CUBE-BLEMGR.4.0.0
2025-04-20 16:17:17,625 [WARN] PackLoader:240 - Cannot read IP mode file for emotas.I-CUBE-CANOPEN.1.3.0
2025-04-20 16:17:17,630 [WARN] PackLoader:240 - Cannot read IP mode file for STMicroelectronics.X-CUBE-BLEMGR.3.1.0
2025-04-20 16:17:17,633 [WARN] PackLoader:240 - Cannot read IP mode file for STMicroelectronics.X-CUBE-AI.10.0.0
2025-04-20 16:17:17,636 [WARN] PackLoader:240 - Cannot read IP mode file for STMicroelectronics.FP-SNS-SMARTAG2.1.2.0
2025-04-20 16:17:17,638 [WARN] PackLoader:240 - Cannot read IP mode file for STMicroelectronics.FP-SNS-FLIGHT1.5.1.0
2025-04-20 16:17:17,654 [WARN] PackLoader:240 - Cannot read IP mode file for STMicroelectronics.X-CUBE-MEMS1.11.1.0
2025-04-20 16:17:17,701 [INFO] LogOutputStream:77 - [STDOUT_REDIRECT] 1 : Invalid condition id : UX_CORESTACK_Condition cause : null
2025-04-20 16:17:17,702 [INFO] LogOutputStream:77 - [STDOUT_REDIRECT] 1 : Invalid condition id : UX_CORESTACK_Condition cause : null
2025-04-20 16:17:17,704 [INFO] LogOutputStream:77 - [STDOUT_REDIRECT] 1 : Invalid condition id : UX_CORESTACK_Condition cause : null
2025-04-20 16:17:17,705 [INFO] LogOutputStream:77 - [STDOUT_REDIRECT] 1 : Invalid condition id : UX_CORESTACK_Condition cause : null
2025-04-20 16:17:17,705 [INFO] LogOutputStream:77 - [STDOUT_REDIRECT] 1 : Invalid condition id : UX_CORESTACK_Condition cause : null
2025-04-20 16:17:17,706 [WARN] PackLoader:240 - Cannot read IP mode file for STMicroelectronics.X-CUBE-AZRTOS-WL.2.0.0
2025-04-20 16:17:17,709 [WARN] PackLoader:240 - Cannot read IP mode file for STMicroelectronics.FP-SNS-MOTENV1.5.0.0
2025-04-20 16:17:17,711 [WARN] PackLoader:240 - Cannot read IP mode file for wolfSSL.I-CUBE-wolfMQTT.1.19.0
2025-04-20 16:17:17,715 [WARN] PackLoader:240 - Cannot read IP mode file for WES.I-CUBE-Cesium.1.3.0
2025-04-20 16:17:17,717 [WARN] PackLoader:240 - Cannot read IP mode file for STMicroelectronics.X-CUBE-BLE2.3.3.0
2025-04-20 16:17:17,720 [WARN] PackLoader:240 - Cannot read IP mode file for STMicroelectronics.X-CUBE-NFC9.1.0.0
2025-04-20 16:17:17,723 [WARN] PackLoader:240 - Cannot read IP mode file for STMicroelectronics.X-CUBE-BLE1.7.1.0
2025-04-20 16:17:17,725 [WARN] PackLoader:240 - Cannot read IP mode file for STMicroelectronics.X-CUBE-TCPP.4.1.0
2025-04-20 16:17:17,739 [WARN] PackLoader:240 - Cannot read IP mode file for STMicroelectronics.X-CUBE-MEMS1.11.2.0
2025-04-20 16:17:17,790 [WARN] PackLoader:240 - Cannot read IP mode file for STMicroelectronics.X-CUBE-AZRTOS-G0.1.1.0
2025-04-20 16:17:17,794 [WARN] PackLoader:240 - Cannot read IP mode file for STMicroelectronics.X-CUBE-SAFEA1.1.2.2
2025-04-20 16:17:17,796 [WARN] PackLoader:240 - Cannot read IP mode file for STMicroelectronics.X-CUBE-NFC4.3.0.0
2025-04-20 16:17:17,801 [WARN] PackLoader:240 - Cannot read IP mode file for EmbeddedOffice.I-CUBE-FS-RTOS.1.0.1
2025-04-20 16:17:17,803 [WARN] PackLoader:240 - Cannot read IP mode file for STMicroelectronics.X-CUBE-TCPP.4.2.0
2025-04-20 16:17:17,806 [WARN] PackLoader:240 - Cannot read IP mode file for RealThread.X-CUBE-RT-Thread_Nano.4.1.1
2025-04-20 16:17:17,808 [WARN] PackLoader:240 - Cannot read IP mode file for STMicroelectronics.FP-ATR-SIGFOX1.3.2.0
2025-04-20 16:17:17,811 [WARN] ConditionMgr:438 - getConditionDescription Invalid condition id : Cortex-A Device cause : null
2025-04-20 16:17:17,818 [WARN] ConditionMgr:1044 - genDependencies : Invalid condition id : Cortex-A Device cause : null
2025-04-20 16:17:17,818 [WARN] ConditionMgr:1044 - genDependencies : Invalid condition id : Cortex-A Device cause : null
2025-04-20 16:17:17,818 [WARN] ConditionMgr:1044 - genDependencies : Invalid condition id : Cortex-A Device cause : null
2025-04-20 16:17:17,820 [WARN] PackLoader:240 - Cannot read IP mode file for STMicroelectronics.X-CUBE-EEPRMA1.5.1.0
2025-04-20 16:17:17,823 [WARN] PackLoader:240 - Cannot read IP mode file for wolfSSL.I-CUBE-wolfSSL.5.7.4
2025-04-20 16:17:17,825 [WARN] PackLoader:240 - Cannot read IP mode file for ITTIA_DB.I-CUBE-ITTIADB.8.9.0
2025-04-20 16:17:17,835 [WARN] PackLoader:240 - Cannot read IP mode file for SEGGER.I-CUBE-embOS.1.3.1
2025-04-20 16:17:17,850 [WARN] PackLoader:240 - Cannot read IP mode file for STMicroelectronics.X-CUBE-ALGOBUILD.1.4.0
2025-04-20 16:17:17,853 [WARN] PackLoader:240 - Cannot read IP mode file for STMicroelectronics.X-CUBE-AI.9.1.0
2025-04-20 16:17:17,860 [WARN] PackLoader:240 - Cannot read IP mode file for STMicroelectronics.X-CUBE-AZRTOS-F4.1.1.0
2025-04-20 16:17:17,862 [WARN] PackLoader:240 - Cannot read IP mode file for Avnet-IotConnect.X-CUBE-IoTC-DA16k-PMOD.1.0.0
2025-04-20 16:17:17,864 [WARN] PackLoader:240 - Cannot read IP mode file for STMicroelectronics.X-CUBE-ISPU.2.1.0
2025-04-20 16:17:17,866 [WARN] PackLoader:240 - Cannot read IP mode file for STMicroelectronics.X-CUBE-FREERTOS.1.2.0
2025-04-20 16:17:17,874 [WARN] PackLoader:240 - Cannot read IP mode file for STMicroelectronics.X-CUBE-AZRTOS-L5.2.0.0
2025-04-20 16:17:17,877 [WARN] PackLoader:240 - Cannot read IP mode file for STMicroelectronics.X-CUBE-NFC6.3.1.0
2025-04-20 16:17:17,880 [WARN] PackLoader:240 - Cannot read IP mode file for STMicroelectronics.X-CUBE-DPower.1.2.0
2025-04-20 16:17:17,882 [WARN] PackLoader:240 - Cannot read IP mode file for STMicroelectronics.X-CUBE-FREERTOS.1.3.0
2025-04-20 16:17:17,885 [WARN] PackLoader:240 - Cannot read IP mode file for STMicroelectronics.X-CUBE-NFC7.1.0.1
2025-04-20 16:17:17,887 [WARN] PackLoader:240 - Cannot read IP mode file for STMicroelectronics.X-CUBE-DPower.1.3.0
2025-04-20 16:17:17,894 [WARN] ConditionMgr:438 - getConditionDescription Invalid condition id : LAN8742 Phy interface Condition cause : null
2025-04-20 16:17:17,894 [WARN] PackLoader:240 - Cannot read IP mode file for STMicroelectronics.X-CUBE-AZRTOS-L4.2.0.0
2025-04-20 16:17:17,894 [WARN] ConditionMgr:1044 - genDependencies : Invalid condition id : LAN8742 Phy interface Condition cause : null
2025-04-20 16:17:17,894 [WARN] ConditionMgr:1044 - genDependencies : Invalid condition id : LAN8742 Phy interface Condition cause : null
2025-04-20 16:17:17,895 [WARN] ConditionMgr:1044 - genDependencies : Invalid condition id : LAN8742 Phy interface Condition cause : null
2025-04-20 16:17:17,898 [WARN] PackLoader:240 - Cannot read IP mode file for STMicroelectronics.X-CUBE-SFXS2LP1.4.0.0
2025-04-20 16:17:17,905 [WARN] PackLoader:240 - Cannot read IP mode file for STMicroelectronics.X-CUBE-AZRTOS-H7.3.3.0
2025-04-20 16:17:17,910 [WARN] PackLoader:240 - Cannot read IP mode file for STMicroelectronics.X-CUBE-IPS.3.0.0
2025-04-20 16:17:17,915 [WARN] ConditionMgr:438 - getConditionDescription Invalid condition id : UX DEVICE CLASS RTOS Condition cause : null
2025-04-20 16:17:17,915 [WARN] ConditionMgr:438 - getConditionDescription Invalid condition id : UX DEVICE CLASS RTOS Condition cause : null
2025-04-20 16:17:17,916 [WARN] PackLoader:240 - Cannot read IP mode file for STMicroelectronics.X-CUBE-AZRTOS-WB.2.0.0
2025-04-20 16:17:17,916 [WARN] ConditionMgr:1044 - genDependencies : Invalid condition id : UX DEVICE CLASS RTOS Condition cause : null
2025-04-20 16:17:17,916 [WARN] ConditionMgr:1044 - genDependencies : Invalid condition id : UX DEVICE CLASS RTOS Condition cause : null
2025-04-20 16:17:17,916 [WARN] ConditionMgr:1044 - genDependencies : Invalid condition id : UX DEVICE CLASS RTOS Condition cause : null
2025-04-20 16:17:17,916 [WARN] ConditionMgr:1044 - genDependencies : Invalid condition id : UX DEVICE CLASS RTOS Condition cause : null
2025-04-20 16:17:17,916 [WARN] ConditionMgr:1044 - genDependencies : Invalid condition id : UX DEVICE CLASS RTOS Condition cause : null
2025-04-20 16:17:17,920 [WARN] PackLoader:240 - Cannot read IP mode file for STMicroelectronics.X-CUBE-GNSS1.7.0.0
2025-04-20 16:17:17,924 [WARN] PackLoader:240 - Cannot read IP mode file for STMicroelectronics.X-CUBE-GNSS1.7.0.1
2025-04-20 16:17:17,927 [WARN] PackLoader:240 - Cannot read IP mode file for STMicroelectronics.X-CUBE-TOUCHGFX.4.25.0
2025-04-20 16:17:17,930 [WARN] PackLoader:240 - Cannot read IP mode file for STMicroelectronics.FP-SNS-STBOX1.2.0.0
2025-04-20 16:17:17,934 [WARN] PackLoader:240 - Cannot read IP mode file for STMicroelectronics.X-CUBE-SUBG2.5.0.0
2025-04-20 16:17:17,949 [WARN] PackLoader:240 - Cannot read IP mode file for STMicroelectronics.X-CUBE-AZRTOS-H7RS.1.1.0
2025-04-20 16:17:17,957 [WARN] PackLoader:240 - Cannot read IP mode file for Cesanta.I-CUBE-Mongoose.7.13.0
2025-04-20 16:17:17,984 [WARN] PackLoader:240 - Cannot read IP mode file for STMicroelectronics.X-CUBE-AZRTOS-G4.2.0.0
2025-04-20 16:17:17,993 [WARN] PackLoader:240 - Cannot read IP mode file for STMicroelectronics.X-CUBE-IPS.3.1.0
2025-04-20 16:17:18,000 [WARN] PackLoader:240 - Cannot read IP mode file for STMicroelectronics.X-CUBE-ALS.1.0.2
2025-04-20 16:17:18,004 [WARN] PackLoader:240 - Cannot read IP mode file for STMicroelectronics.X-CUBE-TOUCHGFX.4.24.2
2025-04-20 16:17:18,005 [WARN] PackLoader:240 - Cannot read IP mode file for STMicroelectronics.X-CUBE-TOUCHGFX.4.24.1
2025-04-20 16:17:18,007 [WARN] PackLoader:240 - Cannot read IP mode file for wolfSSL.I-CUBE-wolfTPM.3.4.0
2025-04-20 16:17:18,010 [WARN] PackLoader:240 - Cannot read IP mode file for portGmbH.I-Cube-SoM-uGOAL.1.1.0
2025-04-20 16:17:18,016 [WARN] PackLoader:240 - Cannot read IP mode file for STMicroelectronics.X-CUBE-AZRTOS-H7RS.1.0.0
2025-04-20 16:17:18,022 [WARN] PackLoader:240 - Cannot read IP mode file for STMicroelectronics.X-CUBE-TOF1.3.4.2
2025-04-20 16:17:18,030 [WARN] PackLoader:240 - Cannot read IP mode file for STMicroelectronics.X-CUBE-TOF1.3.4.3
2025-04-20 16:17:18,043 [WARN] PackLoader:240 - Cannot read IP mode file for Infineon.AIROC-Wi-Fi-Bluetooth-STM32.1.6.1
2025-04-20 16:17:18,046 [WARN] PackLoader:240 - Cannot read IP mode file for wolfSSL.I-CUBE-wolfSSH.1.4.17
2025-04-20 16:17:18,047 [INFO] ThirdParty:978 - Integrity check success = true
2025-04-20 16:17:18,047 [INFO] IntegrityCheckThread:100 - exiting critical section [integrity check]
2025-04-20 16:17:18,047 [INFO] IntegrityCheckThread:103 - End integrity checks thread
2025-04-20 19:40:48,722 [INFO] WebApp:194 - Connection lost
2025-04-20 19:40:48,957 [INFO] WebApp:191 - Connection restablished
2025-04-20 19:41:58,733 [INFO] WebApp:194 - Connection lost
2025-04-20 19:41:58,932 [INFO] WebApp:191 - Connection restablished
2025-04-20 19:45:53,244 [INFO] WebApp:194 - Connection lost
2025-04-20 19:45:53,449 [INFO] WebApp:191 - Connection restablished
